c:\users\inputwindy\desktop\starring\starring\bin-int\debug-x64\starring\vc142.pdb
c:\users\inputwindy\desktop\starring\starring\bin-int\debug-x64\starring\vc142.idb
c:\users\inputwindy\desktop\starring\starring\bin-int\debug-x64\starring\opengltexture.obj
c:\users\inputwindy\desktop\starring\starring\bin-int\debug-x64\starring\openglshader.obj
c:\users\inputwindy\desktop\starring\starring\bin-int\debug-x64\starring\openglrendererapi.obj
c:\users\inputwindy\desktop\starring\starring\bin-int\debug-x64\starring\openglframebuffer.obj
c:\users\inputwindy\desktop\starring\starring\bin-int\debug-x64\starring\openglcontext.obj
c:\users\inputwindy\desktop\starring\starring\bin-int\debug-x64\starring\openglbuffer.obj
c:\users\inputwindy\desktop\starring\starring\bin-int\debug-x64\starring\nativescript.obj
c:\users\inputwindy\desktop\starring\starring\bin-int\debug-x64\starring\mouseevent.obj
c:\users\inputwindy\desktop\starring\starring\bin-int\debug-x64\starring\log.obj
c:\users\inputwindy\desktop\starring\starring\bin-int\debug-x64\starring\layerstack.obj
c:\users\inputwindy\desktop\starring\starring\bin-int\debug-x64\starring\layer.obj
c:\users\inputwindy\desktop\starring\starring\bin-int\debug-x64\starring\keyevent.obj
c:\users\inputwindy\desktop\starring\starring\bin-int\debug-x64\starring\imguilayer.obj
c:\users\inputwindy\desktop\starring\starring\bin-int\debug-x64\starring\framebuffer.obj
c:\users\inputwindy\desktop\starring\starring\bin-int\debug-x64\starring\entity.obj
c:\users\inputwindy\desktop\starring\starring\bin-int\debug-x64\starring\deltatime.obj
c:\users\inputwindy\desktop\starring\starring\bin-int\debug-x64\starring\component.obj
c:\users\inputwindy\desktop\starring\starring\bin-int\debug-x64\starring\buffer.obj
c:\users\inputwindy\desktop\starring\starring\bin-int\debug-x64\starring\applicationevent.obj
c:\users\inputwindy\desktop\starring\starring\bin-int\debug-x64\starring\application.obj
c:\users\inputwindy\desktop\starring\starring\bin-int\debug-x64\starring\stb_image.obj
c:\users\inputwindy\desktop\starring\starring\bin-int\debug-x64\starring\dllmain.obj
c:\users\inputwindy\desktop\starring\starring\bin-int\debug-x64\starring\windowswindow.obj
c:\users\inputwindy\desktop\starring\starring\bin-int\debug-x64\starring\windowsplatformutils.obj
c:\users\inputwindy\desktop\starring\starring\bin-int\debug-x64\starring\windowsinput.obj
c:\users\inputwindy\desktop\starring\starring\bin-int\debug-x64\starring\vertexarray.obj
c:\users\inputwindy\desktop\starring\starring\bin-int\debug-x64\starring\timer.obj
c:\users\inputwindy\desktop\starring\starring\bin-int\debug-x64\starring\texture.obj
c:\users\inputwindy\desktop\starring\starring\bin-int\debug-x64\starring\shader.obj
c:\users\inputwindy\desktop\starring\starring\bin-int\debug-x64\starring\sceneserializer.obj
c:\users\inputwindy\desktop\starring\starring\bin-int\debug-x64\starring\scene.obj
c:\users\inputwindy\desktop\starring\starring\bin-int\debug-x64\starring\renderercommand.obj
c:\users\inputwindy\desktop\starring\starring\bin-int\debug-x64\starring\rendererapi.obj
c:\users\inputwindy\desktop\starring\starring\bin-int\debug-x64\starring\renderer.obj
c:\users\inputwindy\desktop\starring\starring\bin-int\debug-x64\starring\orthographiccameracontroller.obj
c:\users\inputwindy\desktop\starring\starring\bin-int\debug-x64\starring\orthographiccamera.obj
c:\users\inputwindy\desktop\starring\starring\bin-int\debug-x64\starring\openglvertexarray.obj
c:\users\inputwindy\desktop\starring\starring\bin-int\debug-x64\starring\scenecamera.obj
c:\users\inputwindy\desktop\starring\starring\bin-int\debug-x64\starring\glad.obj
c:\users\inputwindy\desktop\starring\starring\bin-int\debug-x64\starring\imgui_widgets.obj
c:\users\inputwindy\desktop\starring\starring\bin-int\debug-x64\starring\imgui_tables.obj
c:\users\inputwindy\desktop\starring\starring\bin-int\debug-x64\starring\imgui_impl_opengl3.obj
c:\users\inputwindy\desktop\starring\starring\bin-int\debug-x64\starring\imgui_impl_glfw.obj
c:\users\inputwindy\desktop\starring\starring\bin-int\debug-x64\starring\imgui_draw.obj
c:\users\inputwindy\desktop\starring\starring\bin-int\debug-x64\starring\imgui_demo.obj
c:\users\inputwindy\desktop\starring\starring\bin-int\debug-x64\starring\imgui.obj
c:\users\inputwindy\desktop\starring\starring\bin-int\debug-x64\starring\starring.pch
c:\users\inputwindy\desktop\starring\starring\bin-int\debug-x64\starring\pch.obj
c:\users\inputwindy\desktop\starring\starring\bin-int\debug-x64\starring\editorcamera.obj
c:\users\inputwindy\desktop\starring\starring\bin-int\debug-x64\starring\light.obj
c:\users\inputwindy\desktop\starring\starring\bin-int\debug-x64\starring\resourcemanager.obj
c:\users\inputwindy\desktop\starring\starring\bin-int\debug-x64\starring\resource.obj
c:\users\inputwindy\desktop\starring\starring\bin-int\debug-x64\starring\renderstate.obj
c:\users\inputwindy\desktop\starring\starring\bin-int\debug-x64\starring\skeleton.obj
c:\users\inputwindy\desktop\starring\starring\bin-int\debug-x64\starring\bone.obj
c:\users\inputwindy\desktop\starring\starring\bin-int\debug-x64\starring\imsequencer.obj
c:\users\inputwindy\desktop\starring\starring\bin-int\debug-x64\starring\imguizmo.obj
c:\users\inputwindy\desktop\starring\starring\bin-int\debug-x64\starring\imgradient.obj
c:\users\inputwindy\desktop\starring\starring\bin-int\debug-x64\starring\imcurveedit.obj
c:\users\inputwindy\desktop\starring\starring\bin-int\debug-x64\starring\skybox.obj
c:\users\inputwindy\desktop\starring\starring\bin-int\debug-x64\starring\sampler.obj
c:\users\inputwindy\desktop\starring\starring\bin-int\debug-x64\starring\uniform.obj
c:\users\inputwindy\desktop\starring\starring\bin-int\debug-x64\starring\pass.obj
c:\users\inputwindy\desktop\starring\starring\bin-int\debug-x64\starring\material.obj
c:\users\inputwindy\desktop\starring\starring\bin-int\debug-x64\starring\mesh.obj
c:\users\inputwindy\desktop\starring\starring\bin\debug-x64\editor\starring.dll
c:\users\inputwindy\desktop\starring\starring\bin-int\debug-x64\starring\starring.ilk
c:\users\inputwindy\desktop\starring\starring\bin\debug-x64\editor\starring.pdb
c:\users\inputwindy\desktop\starring\starring\bin\debug-x64\editor\starring.lib
c:\users\inputwindy\desktop\starring\starring\bin\debug-x64\editor\starring.exp
c:\users\inputwindy\desktop\starring\starring\bin-int\debug-x64\starring\starring.tlog\cl.command.1.tlog
c:\users\inputwindy\desktop\starring\starring\bin-int\debug-x64\starring\starring.tlog\cl.read.1.tlog
c:\users\inputwindy\desktop\starring\starring\bin-int\debug-x64\starring\starring.tlog\cl.write.1.tlog
c:\users\inputwindy\desktop\starring\starring\bin-int\debug-x64\starring\starring.tlog\link.12920.delete.1.tlog
c:\users\inputwindy\desktop\starring\starring\bin-int\debug-x64\starring\starring.tlog\link.13512.delete.1.tlog
c:\users\inputwindy\desktop\starring\starring\bin-int\debug-x64\starring\starring.tlog\link.15448.delete.1.tlog
c:\users\inputwindy\desktop\starring\starring\bin-int\debug-x64\starring\starring.tlog\link.15776.delete.1.tlog
c:\users\inputwindy\desktop\starring\starring\bin-int\debug-x64\starring\starring.tlog\link.18460.delete.1.tlog
c:\users\inputwindy\desktop\starring\starring\bin-int\debug-x64\starring\starring.tlog\link.21588.delete.1.tlog
c:\users\inputwindy\desktop\starring\starring\bin-int\debug-x64\starring\starring.tlog\link.22332.delete.1.tlog
c:\users\inputwindy\desktop\starring\starring\bin-int\debug-x64\starring\starring.tlog\link.24448.delete.1.tlog
c:\users\inputwindy\desktop\starring\starring\bin-int\debug-x64\starring\starring.tlog\link.27664.delete.1.tlog
c:\users\inputwindy\desktop\starring\starring\bin-int\debug-x64\starring\starring.tlog\link.2808.delete.1.tlog
c:\users\inputwindy\desktop\starring\starring\bin-int\debug-x64\starring\starring.tlog\link.29016.delete.1.tlog
c:\users\inputwindy\desktop\starring\starring\bin-int\debug-x64\starring\starring.tlog\link.29476.delete.1.tlog
c:\users\inputwindy\desktop\starring\starring\bin-int\debug-x64\starring\starring.tlog\link.29712.delete.1.tlog
c:\users\inputwindy\desktop\starring\starring\bin-int\debug-x64\starring\starring.tlog\link.29732.delete.1.tlog
c:\users\inputwindy\desktop\starring\starring\bin-int\debug-x64\starring\starring.tlog\link.30496.delete.1.tlog
c:\users\inputwindy\desktop\starring\starring\bin-int\debug-x64\starring\starring.tlog\link.31848.delete.1.tlog
c:\users\inputwindy\desktop\starring\starring\bin-int\debug-x64\starring\starring.tlog\link.32560.delete.1.tlog
c:\users\inputwindy\desktop\starring\starring\bin-int\debug-x64\starring\starring.tlog\link.32596.delete.1.tlog
c:\users\inputwindy\desktop\starring\starring\bin-int\debug-x64\starring\starring.tlog\link.32864.delete.1.tlog
c:\users\inputwindy\desktop\starring\starring\bin-int\debug-x64\starring\starring.tlog\link.33016.delete.1.tlog
c:\users\inputwindy\desktop\starring\starring\bin-int\debug-x64\starring\starring.tlog\link.33544.delete.1.tlog
c:\users\inputwindy\desktop\starring\starring\bin-int\debug-x64\starring\starring.tlog\link.33652.delete.1.tlog
c:\users\inputwindy\desktop\starring\starring\bin-int\debug-x64\starring\starring.tlog\link.34764.delete.1.tlog
c:\users\inputwindy\desktop\starring\starring\bin-int\debug-x64\starring\starring.tlog\link.36796.delete.1.tlog
c:\users\inputwindy\desktop\starring\starring\bin-int\debug-x64\starring\starring.tlog\link.36988.delete.1.tlog
c:\users\inputwindy\desktop\starring\starring\bin-int\debug-x64\starring\starring.tlog\link.37296.delete.1.tlog
c:\users\inputwindy\desktop\starring\starring\bin-int\debug-x64\starring\starring.tlog\link.37412.delete.1.tlog
c:\users\inputwindy\desktop\starring\starring\bin-int\debug-x64\starring\starring.tlog\link.38684.delete.1.tlog
c:\users\inputwindy\desktop\starring\starring\bin-int\debug-x64\starring\starring.tlog\link.38900.delete.1.tlog
c:\users\inputwindy\desktop\starring\starring\bin-int\debug-x64\starring\starring.tlog\link.39024.delete.1.tlog
c:\users\inputwindy\desktop\starring\starring\bin-int\debug-x64\starring\starring.tlog\link.39700.delete.1.tlog
c:\users\inputwindy\desktop\starring\starring\bin-int\debug-x64\starring\starring.tlog\link.40944.delete.1.tlog
c:\users\inputwindy\desktop\starring\starring\bin-int\debug-x64\starring\starring.tlog\link.41916.delete.1.tlog
c:\users\inputwindy\desktop\starring\starring\bin-int\debug-x64\starring\starring.tlog\link.42032.delete.1.tlog
c:\users\inputwindy\desktop\starring\starring\bin-int\debug-x64\starring\starring.tlog\link.42268.delete.1.tlog
c:\users\inputwindy\desktop\starring\starring\bin-int\debug-x64\starring\starring.tlog\link.42652.delete.1.tlog
c:\users\inputwindy\desktop\starring\starring\bin-int\debug-x64\starring\starring.tlog\link.43048.delete.1.tlog
c:\users\inputwindy\desktop\starring\starring\bin-int\debug-x64\starring\starring.tlog\link.43116.delete.1.tlog
c:\users\inputwindy\desktop\starring\starring\bin-int\debug-x64\starring\starring.tlog\link.43548.delete.1.tlog
c:\users\inputwindy\desktop\starring\starring\bin-int\debug-x64\starring\starring.tlog\link.46468.delete.1.tlog
c:\users\inputwindy\desktop\starring\starring\bin-int\debug-x64\starring\starring.tlog\link.47052.delete.1.tlog
c:\users\inputwindy\desktop\starring\starring\bin-int\debug-x64\starring\starring.tlog\link.47388.delete.1.tlog
c:\users\inputwindy\desktop\starring\starring\bin-int\debug-x64\starring\starring.tlog\link.47464.delete.1.tlog
c:\users\inputwindy\desktop\starring\starring\bin-int\debug-x64\starring\starring.tlog\link.48216.delete.1.tlog
c:\users\inputwindy\desktop\starring\starring\bin-int\debug-x64\starring\starring.tlog\link.49016.delete.1.tlog
c:\users\inputwindy\desktop\starring\starring\bin-int\debug-x64\starring\starring.tlog\link.49636.delete.1.tlog
c:\users\inputwindy\desktop\starring\starring\bin-int\debug-x64\starring\starring.tlog\link.50524.delete.1.tlog
c:\users\inputwindy\desktop\starring\starring\bin-int\debug-x64\starring\starring.tlog\link.50764.delete.1.tlog
c:\users\inputwindy\desktop\starring\starring\bin-int\debug-x64\starring\starring.tlog\link.51332.delete.1.tlog
c:\users\inputwindy\desktop\starring\starring\bin-int\debug-x64\starring\starring.tlog\link.51940.delete.1.tlog
c:\users\inputwindy\desktop\starring\starring\bin-int\debug-x64\starring\starring.tlog\link.52320.delete.1.tlog
c:\users\inputwindy\desktop\starring\starring\bin-int\debug-x64\starring\starring.tlog\link.55292.delete.1.tlog
c:\users\inputwindy\desktop\starring\starring\bin-int\debug-x64\starring\starring.tlog\link.60704.delete.1.tlog
c:\users\inputwindy\desktop\starring\starring\bin-int\debug-x64\starring\starring.tlog\link.60916.delete.1.tlog
c:\users\inputwindy\desktop\starring\starring\bin-int\debug-x64\starring\starring.tlog\link.61504.delete.1.tlog
c:\users\inputwindy\desktop\starring\starring\bin-int\debug-x64\starring\starring.tlog\link.61840.delete.1.tlog
c:\users\inputwindy\desktop\starring\starring\bin-int\debug-x64\starring\starring.tlog\link.64904.delete.1.tlog
c:\users\inputwindy\desktop\starring\starring\bin-int\debug-x64\starring\starring.tlog\link.66992.delete.1.tlog
c:\users\inputwindy\desktop\starring\starring\bin-int\debug-x64\starring\starring.tlog\link.67272.delete.1.tlog
c:\users\inputwindy\desktop\starring\starring\bin-int\debug-x64\starring\starring.tlog\link.68412.delete.1.tlog
c:\users\inputwindy\desktop\starring\starring\bin-int\debug-x64\starring\starring.tlog\link.69592.delete.1.tlog
c:\users\inputwindy\desktop\starring\starring\bin-int\debug-x64\starring\starring.tlog\link.71208.delete.1.tlog
c:\users\inputwindy\desktop\starring\starring\bin-int\debug-x64\starring\starring.tlog\link.71580.delete.1.tlog
c:\users\inputwindy\desktop\starring\starring\bin-int\debug-x64\starring\starring.tlog\link.76048.delete.1.tlog
c:\users\inputwindy\desktop\starring\starring\bin-int\debug-x64\starring\starring.tlog\link.84612.delete.1.tlog
c:\users\inputwindy\desktop\starring\starring\bin-int\debug-x64\starring\starring.tlog\link.command.1.tlog
c:\users\inputwindy\desktop\starring\starring\bin-int\debug-x64\starring\starring.tlog\link.delete.1.tlog
c:\users\inputwindy\desktop\starring\starring\bin-int\debug-x64\starring\starring.tlog\link.read.1.tlog
c:\users\inputwindy\desktop\starring\starring\bin-int\debug-x64\starring\starring.tlog\link.write.1.tlog
c:\users\inputwindy\desktop\starring\starring\bin-int\debug-x64\starring\starring.tlog\starring.write.1u.tlog
