c:\users\inputwindy\desktop\starring\starring\bin-int\debug-x64\editor\vc142.pdb
c:\users\inputwindy\desktop\starring\starring\bin-int\debug-x64\editor\vc142.idb
c:\users\inputwindy\desktop\starring\starring\bin-int\debug-x64\editor\glad.obj
c:\users\inputwindy\desktop\starring\starring\bin-int\debug-x64\editor\editorlayer.obj
c:\users\inputwindy\desktop\starring\starring\bin-int\debug-x64\editor\imsequencer.obj
c:\users\inputwindy\desktop\starring\starring\bin-int\debug-x64\editor\imguizmo.obj
c:\users\inputwindy\desktop\starring\starring\bin-int\debug-x64\editor\imgradient.obj
c:\users\inputwindy\desktop\starring\starring\bin-int\debug-x64\editor\imcurveedit.obj
c:\users\inputwindy\desktop\starring\starring\bin-int\debug-x64\editor\scenehierarchypanel.obj
c:\users\inputwindy\desktop\starring\starring\bin-int\debug-x64\editor\editorapp.obj
c:\users\inputwindy\desktop\starring\starring\bin-int\debug-x64\editor\contentbrowserpanel.obj
c:\users\inputwindy\desktop\starring\starring\bin-int\debug-x64\editor\consolepanel.obj
c:\users\inputwindy\desktop\starring\starring\bin\debug-x64\editor\editor.lib
c:\users\inputwindy\desktop\starring\starring\bin\debug-x64\editor\editor.exp
c:\users\inputwindy\desktop\starring\starring\bin\debug-x64\editor\editor.exe
c:\users\inputwindy\desktop\starring\starring\bin-int\debug-x64\editor\editor.ilk
c:\users\inputwindy\desktop\starring\starring\bin\debug-x64\editor\editor.pdb
c:\users\inputwindy\desktop\starring\starring\bin-int\debug-x64\editor\editor.tlog\cl.command.1.tlog
c:\users\inputwindy\desktop\starring\starring\bin-int\debug-x64\editor\editor.tlog\cl.read.1.tlog
c:\users\inputwindy\desktop\starring\starring\bin-int\debug-x64\editor\editor.tlog\cl.write.1.tlog
c:\users\inputwindy\desktop\starring\starring\bin-int\debug-x64\editor\editor.tlog\editor.write.1u.tlog
c:\users\inputwindy\desktop\starring\starring\bin-int\debug-x64\editor\editor.tlog\link.43268.delete.1.tlog
c:\users\inputwindy\desktop\starring\starring\bin-int\debug-x64\editor\editor.tlog\link.command.1.tlog
c:\users\inputwindy\desktop\starring\starring\bin-int\debug-x64\editor\editor.tlog\link.delete.1.tlog
c:\users\inputwindy\desktop\starring\starring\bin-int\debug-x64\editor\editor.tlog\link.read.1.tlog
c:\users\inputwindy\desktop\starring\starring\bin-int\debug-x64\editor\editor.tlog\link.write.1.tlog
